d:\embedded systems\egfwd professional\work space\payment\payment\x64\debug\vc143.pdb
d:\embedded systems\egfwd professional\work space\payment\payment\x64\debug\vc143.idb
d:\embedded systems\egfwd professional\work space\payment\payment\x64\debug\terminal.obj
d:\embedded systems\egfwd professional\work space\payment\payment\x64\debug\server.obj
d:\embedded systems\egfwd professional\work space\payment\payment\x64\debug\application.obj
d:\embedded systems\egfwd professional\work space\payment\payment\x64\debug\main.obj
d:\embedded systems\egfwd professional\work space\payment\payment\x64\debug\card.obj
d:\embedded systems\egfwd professional\work space\payment  for github\payment\x64\debug\vc143.pdb
d:\embedded systems\egfwd professional\work space\payment  for github\payment\x64\debug\vc143.idb
d:\embedded systems\egfwd professional\work space\payment  for github\payment\x64\debug\main.obj
d:\embedded systems\egfwd professional\work space\payment  for github\payment\x64\debug\card.obj
d:\embedded systems\egfwd professional\work space\payment  for github\payment\x64\debug\terminal.obj
d:\embedded systems\egfwd professional\work space\payment  for github\payment\x64\debug\server.obj
d:\embedded systems\egfwd professional\work space\payment  for github\payment\x64\debug\app.obj
d:\embedded systems\egfwd professional\work space\payment\x64\debug\payment.exe
d:\embedded systems\egfwd professional\work space\payment\payment\x64\debug\payment.ilk
d:\embedded systems\egfwd professional\work space\payment\x64\debug\payment.pdb
d:\embedded systems\egfwd professional\work space\payment  for github\payment\x64\debug\application.obj
d:\embedded systems\egfwd professional\work space\payment  for github\x64\debug\payment.pdb
d:\embedded systems\egfwd professional\work space\payment  for github\payment\x64\debug\payment.tlog\cl.command.1.tlog
d:\embedded systems\egfwd professional\work space\payment  for github\payment\x64\debug\payment.tlog\cl.read.1.tlog
d:\embedded systems\egfwd professional\work space\payment  for github\payment\x64\debug\payment.tlog\cl.write.1.tlog
d:\embedded systems\egfwd professional\work space\payment  for github\payment\x64\debug\payment.tlog\link-cvtres.read.1.tlog
d:\embedded systems\egfwd professional\work space\payment  for github\payment\x64\debug\payment.tlog\link-cvtres.write.1.tlog
d:\embedded systems\egfwd professional\work space\payment  for github\payment\x64\debug\payment.tlog\link-rc.read.1.tlog
d:\embedded systems\egfwd professional\work space\payment  for github\payment\x64\debug\payment.tlog\link-rc.write.1.tlog
d:\embedded systems\egfwd professional\work space\payment  for github\payment\x64\debug\payment.tlog\link.command.1.tlog
d:\embedded systems\egfwd professional\work space\payment  for github\payment\x64\debug\payment.tlog\link.read.1.tlog
d:\embedded systems\egfwd professional\work space\payment  for github\payment\x64\debug\payment.tlog\link.read.2.tlog
d:\embedded systems\egfwd professional\work space\payment  for github\payment\x64\debug\payment.tlog\link.write.1.tlog
